ADEOS
ADEOS-II
AQUA
AQUARIUS_SAC-D
ARGO
Coriolis
Cryosat-2
DMSP-F08
DMSP-F10
DMSP-F11
DMSP-F13
DMSP-F14
DMSP-F15
DMSP-F17
ENVISAT
ERS-1
ERS-2
GCOM-W1
GEOS-3
GFO
GOES-11
GOES-12
GOES-13
GOES-15
GRACE
GTS
ICOADS
ISS
InSitu
JASON1
Jason-1 Geodetic
MSG
MTSAT1R
MTSAT2
MetOp-A
MetOp-B
Model
NDBC MOORED BUOY
NIMBUS-7
NOAA-11
NOAA-14
NOAA-16
NOAA-17
NOAA-18
NOAA-19
NOAA-7
NOAA-9
OSTM/Jason-2
Oceansat-2
Orbview2
QUIKSCAT
SARAL
SEASAT-A
SPURS1_Drifter
SPURS1_Ecomapper
SPURS1_Mooring
SPURS1_NeutrallyBuoyantFloat
SPURS1_Seaglider
SPURS1_Seasoar
SPURS1_TenuseGlider
SPURS1_Vessels
SPURS1_Waveglider
Suomi NPP (8)
TERRA
TOPEX/POSEIDON
TRMM
