AATSR 
AMI 
AMR 
AMSR 
AMSR-E 
AMSR2 
AQUARIUS_RADIOMETER 
AQUARIUS_SCATTEROMETER 
ARGO_CTD 
ASCAT 
ATSR-2 
AVHRR-2 
AVHRR-3 
AltiKa 
DORIS 
DRIFTER_CTD 
ECOMAPPER_CTD 
ECOMAPPER_DISSOLVED_OXYGEN 
ECOMAPPER_FLUOROMETER 
ECOMAPPER_TURBIDITY 
ENVISAT RA-2 
ERS-1 ALTIMETER 
ERS-2 Altimeter 
FLOAT_CTD 
GEOS-3 ALTIMETER 
GFO Altimeter 
GOES I-M IMAGER 
GOES N-P IMAGER 
GOES-11 Imager 
GOES-12 Imager 
GOES-13 Imager 
GOES-15 Imager 
GRACE ACC 
GRACE KBR 
GRACE SCA 
IASI 
InSitu 
JMR 
LRA 
MODIS 
MTSAT 1R Imager 
MTSAT 2 Imager 
Model 
NSCAT 
OSCAT 
POSEIDON ALTIMETER 
POSEIDON-2 
POSEIDON-3 
RapidScat 
SASS 
SEAGLIDER_CTD 
SEASOAR_CTD 
SEAWINDS 
SEVIRI 
SIRAL 
SMMR 
SPURS_ADCP 
SPURS_CTD 
SPURS_CTD_MOORING 
SPURS_METEO 
SPURS_METEO_MOORING 
SPURS_TSG 
SPURS_UCTD 
SSM/I 
SSMIS 
SeaWiFS 
TENUSEGLIDER_CTD 
TMI 
TOPEX ALTIMETER 
TOPEX MICROWAVE RADIOMETER 
TRSR 
VIIRS 
WAVEGLIDER_CTD 
WAVEGLIDER_CURRENTMETER 
WAVEGLIDER_METEO 
WindSat 
