38N-38S 
Alaska 
Americas 
Antarctic 
Antarctica 
Arctic 
Atlantic Ocean 
Atlantic and Pacific 
Australia 
Baltic Sea 
Bering Sea 
Central America 
China 
Eastern Atlantic 
Eastern Pacific Ocean 
Europe 
Global 
Greenland 
Indonesia 
Japan 
Mediterranean Sea 
Mid-Atlantic to East Indian Ocean - Baltic Sea to below Africa 
North Africa 
North America 
North Sea 
North and Central America 
Northeast Atlantic 
Oceania 
Pacific 
Pacific Ocean 
SPURS-1  N.Atlantic Salinity maximum region 
Siberia 
South Africa 
South America 
South Atlantic 
Southern Asia 
Tropics 
Western Pacific Ocean 
