EPM719SQI160-10
EPM7256SQC208-15
A54SX72A-1PQ208IX174
AFS1500-FG256I
A3PE3000-2FG896I
A3P600L-PQ208I
A54SX72A-1CQ256B
A32100DX-CQ84B
MC68HC11K1CFN4
XPC860TZP50D4
P89C51RD2BA
5962-9162304MXA
TMP68301AF-16
XCV1000-5BG560I
XC6SLX75-2FG676I
XQ4028EX-4HQ240N
XC2S200-5FG456I
XC4010E-3PQ208I
XC4VLX100-11FF1148I
XC4VLX25-11FF668I
XQ4VLX40-11FF668I
XC3042A-?PQ100BK
XC95288XV-?TQ144C
XC3164A-?PC84AK
XCS30XL-?VQ100AK
XC5202-?PQG100AK
EPM3512AFI256-10
EPM7032STI44-7
EPM7128SQC100-10
EPM7256AETI144-7
EPM9400LC84-15
EPM9560ABC356-10
EPM9560ARI240-10
AM85C30-10JI
AM29LV800BT-90EI
ADSP2111BG-66
A54SX72A-PQ208a
A54SX72A-PQ208m
A1460A-CQ196B
A2F500M3G-FGG256I
A54SX32A-1CQ208B
A54SX32A-1CQ256B
A54SX32A-CQ208B
A54SX32A-PQ208I
A54SX32A-TQ100I
A54SX32-CQ208B
A54SX72A-1CQ208B
A54SX72A-1PQ208
A54SX72-1PQ208I-X53
SCN2641CC1N24
SMJ27C256-25JM
X28C010FMB-15
X28C010DMB-15
X24C45144
XC3S200AN-4FT256I
XC3S500E-4PQ208I
XC4008E-4PQ160C
XC4013XLA-08PQ1601
XC4028XLA-08HQ240I
XC4036XLA-08HQ240I
XC4044XLA-08HQ240I
XC4052XLA-08HQ240I
XC4VFX60-11FF1152I
XC4VLX40-11FF668I
XC4VLX80-11FF1148I
XC6SLX45-2FG484I
XCV400-4BG432I
XCV400-4HQ240I
XQV300-4CB228M
XQV600-4CB228M
XC2C128-7VQ100I
XC2C128-7VQG100I
XC2C256-7FT256I
XC2C2512-10FT256I
XC95144XL-10TQ100C
XC95144XL-10TQ100I
XC9572-15PC44C
XC9572XL-10VQ64I
XCR3032XL-7CS48I
XCR3512XL-10FT256I
CD22204E
MC145151DW2
DP8392CV-X
54ACTQ273DMQB
73K221AL-IP
73K322L-IH
TA7280P
Z8523010VSC
HCTL2016PLC
AM27C64-120DC
REF01AZ/883
OP284ED
ADG438FBRZ
AD7847AN
AD822BN
AT28C256F-A5JI
PGA207U
INA114BP
ADS7809UB
DAC7800KU
DAC7800LU
DAC712U
OPA642UB
ADS7804U
M69000
RC224ATL
RP144D
CY7C199-12PC
CY62128BLL-70AZI
L14G2
CDP1854ACD/3
5962-8780501EA
HN58C1001P-15
HM62256ALP-15
AV9154A-42XXXX
IDT70V28L20PFGI
DG509AAK/883
JM38510/12205BGA
CA3290AE
CA3280E
LT1010AMJ8
LT1020ISW
SG2023J/883B
100LVEL17 XAA0619G
100LVEL17 XAA0621G
650235167B
DS900341
MAX761ESA
DG201ACJ
ML4825CP
SG2003J/883B
JANTX2N6547
JANTX2N6211
MC68EN360EM25L
MC68B21P
MC9S12DP156B
2N6661
MC145407
MC330720HHY
MC33072DG
LM108AJ8/883C
JM38510/10101BGA
LM143H
LMX2352TMNOPB
DP8310N
MSM82C532GSK
DG509AAK/883
BYV29X-500
9QF546MT
LH5164ASHN
DG506ACJ
5962-8512707XC
TCM129C13AN
ADS7815U
208263MA8NB
C7701I59MDF5X
TC554001AFI-70
TC551001CFI-85L
5962-88689020A
Z0853606PSG
MICSAC12EA
P0024AB DP8310N
XM56ABLM741IN
